CRITICAL - 2020-10-10 04:38:39 --> Trying to access array offset on value of type null
#0 /home/n_hidayat/projek/ci/ci4APP/app/Views/komik/detail.php(11): CodeIgniter\Debug\Exceptions->errorHandler()
#1 /home/n_hidayat/projek/ci/ci4APP/vendor/codeigniter4/framework/system/View/View.php(246): include('/home/n_hidayat...')
#2 /home/n_hidayat/projek/ci/ci4APP/vendor/codeigniter4/framework/system/Common.php(1119): CodeIgniter\View\View->render()
#3 /home/n_hidayat/projek/ci/ci4APP/app/Controllers/Komik.php(37): view()
#4 /home/n_hidayat/projek/ci/ci4APP/vendor/codeigniter4/framework/system/CodeIgniter.php(918): App\Controllers\Komik->detail()
#5 /home/n_hidayat/projek/ci/ci4APP/vendor/codeigniter4/framework/system/CodeIgniter.php(404): CodeIgniter\CodeIgniter->runController()
#6 /home/n_hidayat/projek/ci/ci4APP/vendor/codeigniter4/framework/system/CodeIgniter.php(312): CodeIgniter\CodeIgniter->handleRequest()
#7 /home/n_hidayat/projek/ci/ci4APP/public/index.php(45): CodeIgniter\CodeIgniter->run()
#8 /home/n_hidayat/projek/ci/ci4APP/vendor/codeigniter4/framework/system/Commands/Server/rewrite.php(34): require_once('/home/n_hidayat...')
#9 {main}
CRITICAL - 2020-10-10 04:39:59 --> Trying to access array offset on value of type null
#0 /home/n_hidayat/projek/ci/ci4APP/app/Views/komik/detail.php(11): CodeIgniter\Debug\Exceptions->errorHandler()
#1 /home/n_hidayat/projek/ci/ci4APP/vendor/codeigniter4/framework/system/View/View.php(246): include('/home/n_hidayat...')
#2 /home/n_hidayat/projek/ci/ci4APP/vendor/codeigniter4/framework/system/Common.php(1119): CodeIgniter\View\View->render()
#3 /home/n_hidayat/projek/ci/ci4APP/app/Controllers/Komik.php(37): view()
#4 /home/n_hidayat/projek/ci/ci4APP/vendor/codeigniter4/framework/system/CodeIgniter.php(918): App\Controllers\Komik->detail()
#5 /home/n_hidayat/projek/ci/ci4APP/vendor/codeigniter4/framework/system/CodeIgniter.php(404): CodeIgniter\CodeIgniter->runController()
#6 /home/n_hidayat/projek/ci/ci4APP/vendor/codeigniter4/framework/system/CodeIgniter.php(312): CodeIgniter\CodeIgniter->handleRequest()
#7 /home/n_hidayat/projek/ci/ci4APP/public/index.php(45): CodeIgniter\CodeIgniter->run()
#8 /home/n_hidayat/projek/ci/ci4APP/vendor/codeigniter4/framework/system/Commands/Server/rewrite.php(34): require_once('/home/n_hidayat...')
#9 {main}
CRITICAL - 2020-10-10 04:40:59 --> Trying to access array offset on value of type null
#0 /home/n_hidayat/projek/ci/ci4APP/app/Views/komik/detail.php(11): CodeIgniter\Debug\Exceptions->errorHandler()
#1 /home/n_hidayat/projek/ci/ci4APP/vendor/codeigniter4/framework/system/View/View.php(246): include('/home/n_hidayat...')
#2 /home/n_hidayat/projek/ci/ci4APP/vendor/codeigniter4/framework/system/Common.php(1119): CodeIgniter\View\View->render()
#3 /home/n_hidayat/projek/ci/ci4APP/app/Controllers/Komik.php(37): view()
#4 /home/n_hidayat/projek/ci/ci4APP/vendor/codeigniter4/framework/system/CodeIgniter.php(918): App\Controllers\Komik->detail()
#5 /home/n_hidayat/projek/ci/ci4APP/vendor/codeigniter4/framework/system/CodeIgniter.php(404): CodeIgniter\CodeIgniter->runController()
#6 /home/n_hidayat/projek/ci/ci4APP/vendor/codeigniter4/framework/system/CodeIgniter.php(312): CodeIgniter\CodeIgniter->handleRequest()
#7 /home/n_hidayat/projek/ci/ci4APP/public/index.php(45): CodeIgniter\CodeIgniter->run()
#8 /home/n_hidayat/projek/ci/ci4APP/vendor/codeigniter4/framework/system/Commands/Server/rewrite.php(34): require_once('/home/n_hidayat...')
#9 {main}
CRITICAL - 2020-10-10 04:41:05 --> Trying to access array offset on value of type null
#0 /home/n_hidayat/projek/ci/ci4APP/app/Views/komik/detail.php(11): CodeIgniter\Debug\Exceptions->errorHandler()
#1 /home/n_hidayat/projek/ci/ci4APP/vendor/codeigniter4/framework/system/View/View.php(246): include('/home/n_hidayat...')
#2 /home/n_hidayat/projek/ci/ci4APP/vendor/codeigniter4/framework/system/Common.php(1119): CodeIgniter\View\View->render()
#3 /home/n_hidayat/projek/ci/ci4APP/app/Controllers/Komik.php(37): view()
#4 /home/n_hidayat/projek/ci/ci4APP/vendor/codeigniter4/framework/system/CodeIgniter.php(918): App\Controllers\Komik->detail()
#5 /home/n_hidayat/projek/ci/ci4APP/vendor/codeigniter4/framework/system/CodeIgniter.php(404): CodeIgniter\CodeIgniter->runController()
#6 /home/n_hidayat/projek/ci/ci4APP/vendor/codeigniter4/framework/system/CodeIgniter.php(312): CodeIgniter\CodeIgniter->handleRequest()
#7 /home/n_hidayat/projek/ci/ci4APP/public/index.php(45): CodeIgniter\CodeIgniter->run()
#8 /home/n_hidayat/projek/ci/ci4APP/vendor/codeigniter4/framework/system/Commands/Server/rewrite.php(34): require_once('/home/n_hidayat...')
#9 {main}
CRITICAL - 2020-10-10 04:41:38 --> Trying to access array offset on value of type null
#0 /home/n_hidayat/projek/ci/ci4APP/app/Views/komik/detail.php(11): CodeIgniter\Debug\Exceptions->errorHandler()
#1 /home/n_hidayat/projek/ci/ci4APP/vendor/codeigniter4/framework/system/View/View.php(246): include('/home/n_hidayat...')
#2 /home/n_hidayat/projek/ci/ci4APP/vendor/codeigniter4/framework/system/Common.php(1119): CodeIgniter\View\View->render()
#3 /home/n_hidayat/projek/ci/ci4APP/app/Controllers/Komik.php(37): view()
#4 /home/n_hidayat/projek/ci/ci4APP/vendor/codeigniter4/framework/system/CodeIgniter.php(918): App\Controllers\Komik->detail()
#5 /home/n_hidayat/projek/ci/ci4APP/vendor/codeigniter4/framework/system/CodeIgniter.php(404): CodeIgniter\CodeIgniter->runController()
#6 /home/n_hidayat/projek/ci/ci4APP/vendor/codeigniter4/framework/system/CodeIgniter.php(312): CodeIgniter\CodeIgniter->handleRequest()
#7 /home/n_hidayat/projek/ci/ci4APP/public/index.php(45): CodeIgniter\CodeIgniter->run()
#8 /home/n_hidayat/projek/ci/ci4APP/vendor/codeigniter4/framework/system/Commands/Server/rewrite.php(34): require_once('/home/n_hidayat...')
#9 {main}
CRITICAL - 2020-10-10 04:42:55 --> Trying to access array offset on value of type null
#0 /home/n_hidayat/projek/ci/ci4APP/app/Views/komik/detail.php(11): CodeIgniter\Debug\Exceptions->errorHandler()
#1 /home/n_hidayat/projek/ci/ci4APP/vendor/codeigniter4/framework/system/View/View.php(246): include('/home/n_hidayat...')
#2 /home/n_hidayat/projek/ci/ci4APP/vendor/codeigniter4/framework/system/Common.php(1119): CodeIgniter\View\View->render()
#3 /home/n_hidayat/projek/ci/ci4APP/app/Controllers/Komik.php(37): view()
#4 /home/n_hidayat/projek/ci/ci4APP/vendor/codeigniter4/framework/system/CodeIgniter.php(918): App\Controllers\Komik->detail()
#5 /home/n_hidayat/projek/ci/ci4APP/vendor/codeigniter4/framework/system/CodeIgniter.php(404): CodeIgniter\CodeIgniter->runController()
#6 /home/n_hidayat/projek/ci/ci4APP/vendor/codeigniter4/framework/system/CodeIgniter.php(312): CodeIgniter\CodeIgniter->handleRequest()
#7 /home/n_hidayat/projek/ci/ci4APP/public/index.php(45): CodeIgniter\CodeIgniter->run()
#8 /home/n_hidayat/projek/ci/ci4APP/vendor/codeigniter4/framework/system/Commands/Server/rewrite.php(34): require_once('/home/n_hidayat...')
#9 {main}
CRITICAL - 2020-10-10 04:43:03 --> Trying to access array offset on value of type null
#0 /home/n_hidayat/projek/ci/ci4APP/app/Views/komik/detail.php(11): CodeIgniter\Debug\Exceptions->errorHandler()
#1 /home/n_hidayat/projek/ci/ci4APP/vendor/codeigniter4/framework/system/View/View.php(246): include('/home/n_hidayat...')
#2 /home/n_hidayat/projek/ci/ci4APP/vendor/codeigniter4/framework/system/Common.php(1119): CodeIgniter\View\View->render()
#3 /home/n_hidayat/projek/ci/ci4APP/app/Controllers/Komik.php(37): view()
#4 /home/n_hidayat/projek/ci/ci4APP/vendor/codeigniter4/framework/system/CodeIgniter.php(918): App\Controllers\Komik->detail()
#5 /home/n_hidayat/projek/ci/ci4APP/vendor/codeigniter4/framework/system/CodeIgniter.php(404): CodeIgniter\CodeIgniter->runController()
#6 /home/n_hidayat/projek/ci/ci4APP/vendor/codeigniter4/framework/system/CodeIgniter.php(312): CodeIgniter\CodeIgniter->handleRequest()
#7 /home/n_hidayat/projek/ci/ci4APP/public/index.php(45): CodeIgniter\CodeIgniter->run()
#8 /home/n_hidayat/projek/ci/ci4APP/vendor/codeigniter4/framework/system/Commands/Server/rewrite.php(34): require_once('/home/n_hidayat...')
#9 {main}
CRITICAL - 2020-10-10 04:44:18 --> Trying to access array offset on value of type null
#0 /home/n_hidayat/projek/ci/ci4APP/app/Views/komik/detail.php(11): CodeIgniter\Debug\Exceptions->errorHandler()
#1 /home/n_hidayat/projek/ci/ci4APP/vendor/codeigniter4/framework/system/View/View.php(246): include('/home/n_hidayat...')
#2 /home/n_hidayat/projek/ci/ci4APP/vendor/codeigniter4/framework/system/Common.php(1119): CodeIgniter\View\View->render()
#3 /home/n_hidayat/projek/ci/ci4APP/app/Controllers/Komik.php(37): view()
#4 /home/n_hidayat/projek/ci/ci4APP/vendor/codeigniter4/framework/system/CodeIgniter.php(918): App\Controllers\Komik->detail()
#5 /home/n_hidayat/projek/ci/ci4APP/vendor/codeigniter4/framework/system/CodeIgniter.php(404): CodeIgniter\CodeIgniter->runController()
#6 /home/n_hidayat/projek/ci/ci4APP/vendor/codeigniter4/framework/system/CodeIgniter.php(312): CodeIgniter\CodeIgniter->handleRequest()
#7 /home/n_hidayat/projek/ci/ci4APP/public/index.php(45): CodeIgniter\CodeIgniter->run()
#8 /home/n_hidayat/projek/ci/ci4APP/vendor/codeigniter4/framework/system/Commands/Server/rewrite.php(34): require_once('/home/n_hidayat...')
#9 {main}
CRITICAL - 2020-10-10 04:44:47 --> Trying to access array offset on value of type null
#0 /home/n_hidayat/projek/ci/ci4APP/app/Views/komik/detail.php(11): CodeIgniter\Debug\Exceptions->errorHandler()
#1 /home/n_hidayat/projek/ci/ci4APP/vendor/codeigniter4/framework/system/View/View.php(246): include('/home/n_hidayat...')
#2 /home/n_hidayat/projek/ci/ci4APP/vendor/codeigniter4/framework/system/Common.php(1119): CodeIgniter\View\View->render()
#3 /home/n_hidayat/projek/ci/ci4APP/app/Controllers/Komik.php(37): view()
#4 /home/n_hidayat/projek/ci/ci4APP/vendor/codeigniter4/framework/system/CodeIgniter.php(918): App\Controllers\Komik->detail()
#5 /home/n_hidayat/projek/ci/ci4APP/vendor/codeigniter4/framework/system/CodeIgniter.php(404): CodeIgniter\CodeIgniter->runController()
#6 /home/n_hidayat/projek/ci/ci4APP/vendor/codeigniter4/framework/system/CodeIgniter.php(312): CodeIgniter\CodeIgniter->handleRequest()
#7 /home/n_hidayat/projek/ci/ci4APP/public/index.php(45): CodeIgniter\CodeIgniter->run()
#8 /home/n_hidayat/projek/ci/ci4APP/vendor/codeigniter4/framework/system/Commands/Server/rewrite.php(34): require_once('/home/n_hidayat...')
#9 {main}
CRITICAL - 2020-10-10 04:46:14 --> Trying to access array offset on value of type null
#0 /home/n_hidayat/projek/ci/ci4APP/app/Views/komik/detail.php(11): CodeIgniter\Debug\Exceptions->errorHandler()
#1 /home/n_hidayat/projek/ci/ci4APP/vendor/codeigniter4/framework/system/View/View.php(246): include('/home/n_hidayat...')
#2 /home/n_hidayat/projek/ci/ci4APP/vendor/codeigniter4/framework/system/Common.php(1119): CodeIgniter\View\View->render()
#3 /home/n_hidayat/projek/ci/ci4APP/app/Controllers/Komik.php(37): view()
#4 /home/n_hidayat/projek/ci/ci4APP/vendor/codeigniter4/framework/system/CodeIgniter.php(918): App\Controllers\Komik->detail()
#5 /home/n_hidayat/projek/ci/ci4APP/vendor/codeigniter4/framework/system/CodeIgniter.php(404): CodeIgniter\CodeIgniter->runController()
#6 /home/n_hidayat/projek/ci/ci4APP/vendor/codeigniter4/framework/system/CodeIgniter.php(312): CodeIgniter\CodeIgniter->handleRequest()
#7 /home/n_hidayat/projek/ci/ci4APP/public/index.php(45): CodeIgniter\CodeIgniter->run()
#8 /home/n_hidayat/projek/ci/ci4APP/vendor/codeigniter4/framework/system/Commands/Server/rewrite.php(34): require_once('/home/n_hidayat...')
#9 {main}
CRITICAL - 2020-10-10 05:29:11 --> Allowed fields must be specified for model: App\Models\KomikModel
#0 /home/n_hidayat/projek/ci/ci4APP/vendor/codeigniter4/framework/system/Model.php(1265): CodeIgniter\Database\Exceptions\DataException::forInvalidAllowedFields()
#1 /home/n_hidayat/projek/ci/ci4APP/vendor/codeigniter4/framework/system/Model.php(735): CodeIgniter\Model->doProtectFields()
#2 /home/n_hidayat/projek/ci/ci4APP/vendor/codeigniter4/framework/system/Model.php(574): CodeIgniter\Model->insert()
#3 /home/n_hidayat/projek/ci/ci4APP/app/Controllers/Komik.php(64): CodeIgniter\Model->save()
#4 /home/n_hidayat/projek/ci/ci4APP/vendor/codeigniter4/framework/system/CodeIgniter.php(918): App\Controllers\Komik->save()
#5 /home/n_hidayat/projek/ci/ci4APP/vendor/codeigniter4/framework/system/CodeIgniter.php(404): CodeIgniter\CodeIgniter->runController()
#6 /home/n_hidayat/projek/ci/ci4APP/vendor/codeigniter4/framework/system/CodeIgniter.php(312): CodeIgniter\CodeIgniter->handleRequest()
#7 /home/n_hidayat/projek/ci/ci4APP/public/index.php(45): CodeIgniter\CodeIgniter->run()
#8 /home/n_hidayat/projek/ci/ci4APP/vendor/codeigniter4/framework/system/Commands/Server/rewrite.php(34): require_once('/home/n_hidayat...')
#9 {main}
CRITICAL - 2020-10-10 06:57:03 --> Undefined variable: session
#0 /home/n_hidayat/projek/ci/ci4APP/app/Views/komik/index.php(12): CodeIgniter\Debug\Exceptions->errorHandler()
#1 /home/n_hidayat/projek/ci/ci4APP/vendor/codeigniter4/framework/system/View/View.php(246): include('/home/n_hidayat...')
#2 /home/n_hidayat/projek/ci/ci4APP/vendor/codeigniter4/framework/system/Common.php(1119): CodeIgniter\View\View->render()
#3 /home/n_hidayat/projek/ci/ci4APP/app/Controllers/Komik.php(27): view()
#4 /home/n_hidayat/projek/ci/ci4APP/vendor/codeigniter4/framework/system/CodeIgniter.php(918): App\Controllers\Komik->index()
#5 /home/n_hidayat/projek/ci/ci4APP/vendor/codeigniter4/framework/system/CodeIgniter.php(404): CodeIgniter\CodeIgniter->runController()
#6 /home/n_hidayat/projek/ci/ci4APP/vendor/codeigniter4/framework/system/CodeIgniter.php(312): CodeIgniter\CodeIgniter->handleRequest()
#7 /home/n_hidayat/projek/ci/ci4APP/public/index.php(45): CodeIgniter\CodeIgniter->run()
#8 /home/n_hidayat/projek/ci/ci4APP/vendor/codeigniter4/framework/system/Commands/Server/rewrite.php(34): require_once('/home/n_hidayat...')
#9 {main}
CRITICAL - 2020-10-10 07:55:32 --> Unable to connect to the database.
#0 /home/n_hidayat/projek/ci/Pengelolaan-data-komik/vendor/codeigniter4/framework/system/Database/BaseConnection.php(646): CodeIgniter\Database\BaseConnection->initialize()
#1 /home/n_hidayat/projek/ci/Pengelolaan-data-komik/vendor/codeigniter4/framework/system/Database/BaseBuilder.php(1860): CodeIgniter\Database\BaseConnection->query()
#2 /home/n_hidayat/projek/ci/Pengelolaan-data-komik/vendor/codeigniter4/framework/system/Model.php(462): CodeIgniter\Database\BaseBuilder->get()
#3 /home/n_hidayat/projek/ci/Pengelolaan-data-komik/app/Models/KomikModel.php(19): CodeIgniter\Model->findAll()
#4 /home/n_hidayat/projek/ci/Pengelolaan-data-komik/app/Controllers/Komik.php(25): App\Models\KomikModel->getKomik()
#5 /home/n_hidayat/projek/ci/Pengelolaan-data-komik/vendor/codeigniter4/framework/system/CodeIgniter.php(918): App\Controllers\Komik->index()
#6 /home/n_hidayat/projek/ci/Pengelolaan-data-komik/vendor/codeigniter4/framework/system/CodeIgniter.php(404): CodeIgniter\CodeIgniter->runController()
#7 /home/n_hidayat/projek/ci/Pengelolaan-data-komik/vendor/codeigniter4/framework/system/CodeIgniter.php(312): CodeIgniter\CodeIgniter->handleRequest()
#8 /home/n_hidayat/projek/ci/Pengelolaan-data-komik/public/index.php(45): CodeIgniter\CodeIgniter->run()
#9 /home/n_hidayat/projek/ci/Pengelolaan-data-komik/vendor/codeigniter4/framework/system/Commands/Server/rewrite.php(34): require_once('/home/n_hidayat...')
#10 {main}
CRITICAL - 2020-10-10 07:55:39 --> Unable to connect to the database.
#0 /home/n_hidayat/projek/ci/Pengelolaan-data-komik/vendor/codeigniter4/framework/system/Database/BaseConnection.php(646): CodeIgniter\Database\BaseConnection->initialize()
#1 /home/n_hidayat/projek/ci/Pengelolaan-data-komik/vendor/codeigniter4/framework/system/Database/BaseBuilder.php(1860): CodeIgniter\Database\BaseConnection->query()
#2 /home/n_hidayat/projek/ci/Pengelolaan-data-komik/vendor/codeigniter4/framework/system/Model.php(462): CodeIgniter\Database\BaseBuilder->get()
#3 /home/n_hidayat/projek/ci/Pengelolaan-data-komik/app/Models/KomikModel.php(19): CodeIgniter\Model->findAll()
#4 /home/n_hidayat/projek/ci/Pengelolaan-data-komik/app/Controllers/Komik.php(25): App\Models\KomikModel->getKomik()
#5 /home/n_hidayat/projek/ci/Pengelolaan-data-komik/vendor/codeigniter4/framework/system/CodeIgniter.php(918): App\Controllers\Komik->index()
#6 /home/n_hidayat/projek/ci/Pengelolaan-data-komik/vendor/codeigniter4/framework/system/CodeIgniter.php(404): CodeIgniter\CodeIgniter->runController()
#7 /home/n_hidayat/projek/ci/Pengelolaan-data-komik/vendor/codeigniter4/framework/system/CodeIgniter.php(312): CodeIgniter\CodeIgniter->handleRequest()
#8 /home/n_hidayat/projek/ci/Pengelolaan-data-komik/public/index.php(45): CodeIgniter\CodeIgniter->run()
#9 /home/n_hidayat/projek/ci/Pengelolaan-data-komik/vendor/codeigniter4/framework/system/Commands/Server/rewrite.php(34): require_once('/home/n_hidayat...')
#10 {main}
CRITICAL - 2020-10-10 07:55:52 --> Unable to connect to the database.
#0 /home/n_hidayat/projek/ci/Pengelolaan-data-komik/vendor/codeigniter4/framework/system/Database/BaseConnection.php(646): CodeIgniter\Database\BaseConnection->initialize()
#1 /home/n_hidayat/projek/ci/Pengelolaan-data-komik/vendor/codeigniter4/framework/system/Database/BaseBuilder.php(1860): CodeIgniter\Database\BaseConnection->query()
#2 /home/n_hidayat/projek/ci/Pengelolaan-data-komik/vendor/codeigniter4/framework/system/Model.php(462): CodeIgniter\Database\BaseBuilder->get()
#3 /home/n_hidayat/projek/ci/Pengelolaan-data-komik/app/Models/KomikModel.php(19): CodeIgniter\Model->findAll()
#4 /home/n_hidayat/projek/ci/Pengelolaan-data-komik/app/Controllers/Komik.php(25): App\Models\KomikModel->getKomik()
#5 /home/n_hidayat/projek/ci/Pengelolaan-data-komik/vendor/codeigniter4/framework/system/CodeIgniter.php(918): App\Controllers\Komik->index()
#6 /home/n_hidayat/projek/ci/Pengelolaan-data-komik/vendor/codeigniter4/framework/system/CodeIgniter.php(404): CodeIgniter\CodeIgniter->runController()
#7 /home/n_hidayat/projek/ci/Pengelolaan-data-komik/vendor/codeigniter4/framework/system/CodeIgniter.php(312): CodeIgniter\CodeIgniter->handleRequest()
#8 /home/n_hidayat/projek/ci/Pengelolaan-data-komik/public/index.php(45): CodeIgniter\CodeIgniter->run()
#9 /home/n_hidayat/projek/ci/Pengelolaan-data-komik/vendor/codeigniter4/framework/system/Commands/Server/rewrite.php(34): require_once('/home/n_hidayat...')
#10 {main}
CRITICAL - 2020-10-10 07:58:22 --> Unable to connect to the database.
#0 /home/n_hidayat/projek/ci/Pengelolaan-data-komik/vendor/codeigniter4/framework/system/Database/BaseConnection.php(646): CodeIgniter\Database\BaseConnection->initialize()
#1 /home/n_hidayat/projek/ci/Pengelolaan-data-komik/vendor/codeigniter4/framework/system/Database/BaseBuilder.php(1860): CodeIgniter\Database\BaseConnection->query()
#2 /home/n_hidayat/projek/ci/Pengelolaan-data-komik/vendor/codeigniter4/framework/system/Model.php(462): CodeIgniter\Database\BaseBuilder->get()
#3 /home/n_hidayat/projek/ci/Pengelolaan-data-komik/app/Models/KomikModel.php(19): CodeIgniter\Model->findAll()
#4 /home/n_hidayat/projek/ci/Pengelolaan-data-komik/app/Controllers/Komik.php(25): App\Models\KomikModel->getKomik()
#5 /home/n_hidayat/projek/ci/Pengelolaan-data-komik/vendor/codeigniter4/framework/system/CodeIgniter.php(918): App\Controllers\Komik->index()
#6 /home/n_hidayat/projek/ci/Pengelolaan-data-komik/vendor/codeigniter4/framework/system/CodeIgniter.php(404): CodeIgniter\CodeIgniter->runController()
#7 /home/n_hidayat/projek/ci/Pengelolaan-data-komik/vendor/codeigniter4/framework/system/CodeIgniter.php(312): CodeIgniter\CodeIgniter->handleRequest()
#8 /home/n_hidayat/projek/ci/Pengelolaan-data-komik/public/index.php(45): CodeIgniter\CodeIgniter->run()
#9 /home/n_hidayat/projek/ci/Pengelolaan-data-komik/vendor/codeigniter4/framework/system/Commands/Server/rewrite.php(34): require_once('/home/n_hidayat...')
#10 {main}
CRITICAL - 2020-10-10 08:07:21 --> Unable to connect to the database.
#0 /home/n_hidayat/projek/ci/Pengelolaan-data-komik/vendor/codeigniter4/framework/system/Database/BaseConnection.php(646): CodeIgniter\Database\BaseConnection->initialize()
#1 /home/n_hidayat/projek/ci/Pengelolaan-data-komik/vendor/codeigniter4/framework/system/Database/BaseBuilder.php(1860): CodeIgniter\Database\BaseConnection->query()
#2 /home/n_hidayat/projek/ci/Pengelolaan-data-komik/vendor/codeigniter4/framework/system/Model.php(462): CodeIgniter\Database\BaseBuilder->get()
#3 /home/n_hidayat/projek/ci/Pengelolaan-data-komik/app/Models/KomikModel.php(19): CodeIgniter\Model->findAll()
#4 /home/n_hidayat/projek/ci/Pengelolaan-data-komik/app/Controllers/Komik.php(25): App\Models\KomikModel->getKomik()
#5 /home/n_hidayat/projek/ci/Pengelolaan-data-komik/vendor/codeigniter4/framework/system/CodeIgniter.php(918): App\Controllers\Komik->index()
#6 /home/n_hidayat/projek/ci/Pengelolaan-data-komik/vendor/codeigniter4/framework/system/CodeIgniter.php(404): CodeIgniter\CodeIgniter->runController()
#7 /home/n_hidayat/projek/ci/Pengelolaan-data-komik/vendor/codeigniter4/framework/system/CodeIgniter.php(312): CodeIgniter\CodeIgniter->handleRequest()
#8 /home/n_hidayat/projek/ci/Pengelolaan-data-komik/public/index.php(45): CodeIgniter\CodeIgniter->run()
#9 /home/n_hidayat/projek/ci/Pengelolaan-data-komik/vendor/codeigniter4/framework/system/Commands/Server/rewrite.php(34): require_once('/home/n_hidayat...')
#10 {main}
CRITICAL - 2020-10-10 08:07:23 --> Unable to connect to the database.
#0 /home/n_hidayat/projek/ci/Pengelolaan-data-komik/vendor/codeigniter4/framework/system/Database/BaseConnection.php(646): CodeIgniter\Database\BaseConnection->initialize()
#1 /home/n_hidayat/projek/ci/Pengelolaan-data-komik/vendor/codeigniter4/framework/system/Database/BaseBuilder.php(1860): CodeIgniter\Database\BaseConnection->query()
#2 /home/n_hidayat/projek/ci/Pengelolaan-data-komik/vendor/codeigniter4/framework/system/Model.php(462): CodeIgniter\Database\BaseBuilder->get()
#3 /home/n_hidayat/projek/ci/Pengelolaan-data-komik/app/Models/KomikModel.php(19): CodeIgniter\Model->findAll()
#4 /home/n_hidayat/projek/ci/Pengelolaan-data-komik/app/Controllers/Komik.php(25): App\Models\KomikModel->getKomik()
#5 /home/n_hidayat/projek/ci/Pengelolaan-data-komik/vendor/codeigniter4/framework/system/CodeIgniter.php(918): App\Controllers\Komik->index()
#6 /home/n_hidayat/projek/ci/Pengelolaan-data-komik/vendor/codeigniter4/framework/system/CodeIgniter.php(404): CodeIgniter\CodeIgniter->runController()
#7 /home/n_hidayat/projek/ci/Pengelolaan-data-komik/vendor/codeigniter4/framework/system/CodeIgniter.php(312): CodeIgniter\CodeIgniter->handleRequest()
#8 /home/n_hidayat/projek/ci/Pengelolaan-data-komik/public/index.php(45): CodeIgniter\CodeIgniter->run()
#9 /home/n_hidayat/projek/ci/Pengelolaan-data-komik/vendor/codeigniter4/framework/system/Commands/Server/rewrite.php(34): require_once('/home/n_hidayat...')
#10 {main}
CRITICAL - 2020-10-10 08:07:35 --> Unable to connect to the database.
#0 /home/n_hidayat/projek/ci/Pengelolaan-data-komik/vendor/codeigniter4/framework/system/Database/BaseConnection.php(646): CodeIgniter\Database\BaseConnection->initialize()
#1 /home/n_hidayat/projek/ci/Pengelolaan-data-komik/vendor/codeigniter4/framework/system/Database/BaseBuilder.php(1860): CodeIgniter\Database\BaseConnection->query()
#2 /home/n_hidayat/projek/ci/Pengelolaan-data-komik/vendor/codeigniter4/framework/system/Model.php(462): CodeIgniter\Database\BaseBuilder->get()
#3 /home/n_hidayat/projek/ci/Pengelolaan-data-komik/app/Models/KomikModel.php(19): CodeIgniter\Model->findAll()
#4 /home/n_hidayat/projek/ci/Pengelolaan-data-komik/app/Controllers/Komik.php(25): App\Models\KomikModel->getKomik()
#5 /home/n_hidayat/projek/ci/Pengelolaan-data-komik/vendor/codeigniter4/framework/system/CodeIgniter.php(918): App\Controllers\Komik->index()
#6 /home/n_hidayat/projek/ci/Pengelolaan-data-komik/vendor/codeigniter4/framework/system/CodeIgniter.php(404): CodeIgniter\CodeIgniter->runController()
#7 /home/n_hidayat/projek/ci/Pengelolaan-data-komik/vendor/codeigniter4/framework/system/CodeIgniter.php(312): CodeIgniter\CodeIgniter->handleRequest()
#8 /home/n_hidayat/projek/ci/Pengelolaan-data-komik/public/index.php(45): CodeIgniter\CodeIgniter->run()
#9 /home/n_hidayat/projek/ci/Pengelolaan-data-komik/vendor/codeigniter4/framework/system/Commands/Server/rewrite.php(34): require_once('/home/n_hidayat...')
#10 {main}
CRITICAL - 2020-10-10 08:07:41 --> Unable to connect to the database.
#0 /home/n_hidayat/projek/ci/Pengelolaan-data-komik/vendor/codeigniter4/framework/system/Database/BaseConnection.php(646): CodeIgniter\Database\BaseConnection->initialize()
#1 /home/n_hidayat/projek/ci/Pengelolaan-data-komik/vendor/codeigniter4/framework/system/Database/BaseBuilder.php(1860): CodeIgniter\Database\BaseConnection->query()
#2 /home/n_hidayat/projek/ci/Pengelolaan-data-komik/vendor/codeigniter4/framework/system/Model.php(462): CodeIgniter\Database\BaseBuilder->get()
#3 /home/n_hidayat/projek/ci/Pengelolaan-data-komik/app/Models/KomikModel.php(19): CodeIgniter\Model->findAll()
#4 /home/n_hidayat/projek/ci/Pengelolaan-data-komik/app/Controllers/Komik.php(25): App\Models\KomikModel->getKomik()
#5 /home/n_hidayat/projek/ci/Pengelolaan-data-komik/vendor/codeigniter4/framework/system/CodeIgniter.php(918): App\Controllers\Komik->index()
#6 /home/n_hidayat/projek/ci/Pengelolaan-data-komik/vendor/codeigniter4/framework/system/CodeIgniter.php(404): CodeIgniter\CodeIgniter->runController()
#7 /home/n_hidayat/projek/ci/Pengelolaan-data-komik/vendor/codeigniter4/framework/system/CodeIgniter.php(312): CodeIgniter\CodeIgniter->handleRequest()
#8 /home/n_hidayat/projek/ci/Pengelolaan-data-komik/public/index.php(45): CodeIgniter\CodeIgniter->run()
#9 /home/n_hidayat/projek/ci/Pengelolaan-data-komik/vendor/codeigniter4/framework/system/Commands/Server/rewrite.php(34): require_once('/home/n_hidayat...')
#10 {main}
CRITICAL - 2020-10-10 08:08:04 --> Unable to connect to the database.
#0 /home/n_hidayat/projek/ci/Pengelolaan-data-komik/vendor/codeigniter4/framework/system/Database/BaseConnection.php(646): CodeIgniter\Database\BaseConnection->initialize()
#1 /home/n_hidayat/projek/ci/Pengelolaan-data-komik/vendor/codeigniter4/framework/system/Database/BaseBuilder.php(1860): CodeIgniter\Database\BaseConnection->query()
#2 /home/n_hidayat/projek/ci/Pengelolaan-data-komik/vendor/codeigniter4/framework/system/Model.php(462): CodeIgniter\Database\BaseBuilder->get()
#3 /home/n_hidayat/projek/ci/Pengelolaan-data-komik/app/Models/KomikModel.php(19): CodeIgniter\Model->findAll()
#4 /home/n_hidayat/projek/ci/Pengelolaan-data-komik/app/Controllers/Komik.php(25): App\Models\KomikModel->getKomik()
#5 /home/n_hidayat/projek/ci/Pengelolaan-data-komik/vendor/codeigniter4/framework/system/CodeIgniter.php(918): App\Controllers\Komik->index()
#6 /home/n_hidayat/projek/ci/Pengelolaan-data-komik/vendor/codeigniter4/framework/system/CodeIgniter.php(404): CodeIgniter\CodeIgniter->runController()
#7 /home/n_hidayat/projek/ci/Pengelolaan-data-komik/vendor/codeigniter4/framework/system/CodeIgniter.php(312): CodeIgniter\CodeIgniter->handleRequest()
#8 /home/n_hidayat/projek/ci/Pengelolaan-data-komik/public/index.php(45): CodeIgniter\CodeIgniter->run()
#9 /home/n_hidayat/projek/ci/Pengelolaan-data-komik/vendor/codeigniter4/framework/system/Commands/Server/rewrite.php(34): require_once('/home/n_hidayat...')
#10 {main}
CRITICAL - 2020-10-10 08:09:35 --> Unable to connect to the database.
#0 /home/n_hidayat/projek/ci/Pengelolaan-data-komik/vendor/codeigniter4/framework/system/Database/BaseConnection.php(646): CodeIgniter\Database\BaseConnection->initialize()
#1 /home/n_hidayat/projek/ci/Pengelolaan-data-komik/vendor/codeigniter4/framework/system/Database/BaseBuilder.php(1860): CodeIgniter\Database\BaseConnection->query()
#2 /home/n_hidayat/projek/ci/Pengelolaan-data-komik/vendor/codeigniter4/framework/system/Model.php(462): CodeIgniter\Database\BaseBuilder->get()
#3 /home/n_hidayat/projek/ci/Pengelolaan-data-komik/app/Models/KomikModel.php(19): CodeIgniter\Model->findAll()
#4 /home/n_hidayat/projek/ci/Pengelolaan-data-komik/app/Controllers/Komik.php(25): App\Models\KomikModel->getKomik()
#5 /home/n_hidayat/projek/ci/Pengelolaan-data-komik/vendor/codeigniter4/framework/system/CodeIgniter.php(918): App\Controllers\Komik->index()
#6 /home/n_hidayat/projek/ci/Pengelolaan-data-komik/vendor/codeigniter4/framework/system/CodeIgniter.php(404): CodeIgniter\CodeIgniter->runController()
#7 /home/n_hidayat/projek/ci/Pengelolaan-data-komik/vendor/codeigniter4/framework/system/CodeIgniter.php(312): CodeIgniter\CodeIgniter->handleRequest()
#8 /home/n_hidayat/projek/ci/Pengelolaan-data-komik/public/index.php(45): CodeIgniter\CodeIgniter->run()
#9 /home/n_hidayat/projek/ci/Pengelolaan-data-komik/vendor/codeigniter4/framework/system/Commands/Server/rewrite.php(34): require_once('/home/n_hidayat...')
#10 {main}
CRITICAL - 2020-10-10 08:10:24 --> Unable to connect to the database.
#0 /home/n_hidayat/projek/ci/Pengelolaan-data-komik/vendor/codeigniter4/framework/system/Database/BaseConnection.php(646): CodeIgniter\Database\BaseConnection->initialize()
#1 /home/n_hidayat/projek/ci/Pengelolaan-data-komik/vendor/codeigniter4/framework/system/Database/BaseBuilder.php(1860): CodeIgniter\Database\BaseConnection->query()
#2 /home/n_hidayat/projek/ci/Pengelolaan-data-komik/vendor/codeigniter4/framework/system/Model.php(462): CodeIgniter\Database\BaseBuilder->get()
#3 /home/n_hidayat/projek/ci/Pengelolaan-data-komik/app/Models/KomikModel.php(19): CodeIgniter\Model->findAll()
#4 /home/n_hidayat/projek/ci/Pengelolaan-data-komik/app/Controllers/Komik.php(25): App\Models\KomikModel->getKomik()
#5 /home/n_hidayat/projek/ci/Pengelolaan-data-komik/vendor/codeigniter4/framework/system/CodeIgniter.php(918): App\Controllers\Komik->index()
#6 /home/n_hidayat/projek/ci/Pengelolaan-data-komik/vendor/codeigniter4/framework/system/CodeIgniter.php(404): CodeIgniter\CodeIgniter->runController()
#7 /home/n_hidayat/projek/ci/Pengelolaan-data-komik/vendor/codeigniter4/framework/system/CodeIgniter.php(312): CodeIgniter\CodeIgniter->handleRequest()
#8 /home/n_hidayat/projek/ci/Pengelolaan-data-komik/public/index.php(45): CodeIgniter\CodeIgniter->run()
#9 /home/n_hidayat/projek/ci/Pengelolaan-data-komik/vendor/codeigniter4/framework/system/Commands/Server/rewrite.php(34): require_once('/home/n_hidayat...')
#10 {main}
CRITICAL - 2020-10-10 08:10:26 --> Unable to connect to the database.
#0 /home/n_hidayat/projek/ci/Pengelolaan-data-komik/vendor/codeigniter4/framework/system/Database/BaseConnection.php(646): CodeIgniter\Database\BaseConnection->initialize()
#1 /home/n_hidayat/projek/ci/Pengelolaan-data-komik/vendor/codeigniter4/framework/system/Database/BaseBuilder.php(1860): CodeIgniter\Database\BaseConnection->query()
#2 /home/n_hidayat/projek/ci/Pengelolaan-data-komik/vendor/codeigniter4/framework/system/Model.php(462): CodeIgniter\Database\BaseBuilder->get()
#3 /home/n_hidayat/projek/ci/Pengelolaan-data-komik/app/Models/KomikModel.php(19): CodeIgniter\Model->findAll()
#4 /home/n_hidayat/projek/ci/Pengelolaan-data-komik/app/Controllers/Komik.php(25): App\Models\KomikModel->getKomik()
#5 /home/n_hidayat/projek/ci/Pengelolaan-data-komik/vendor/codeigniter4/framework/system/CodeIgniter.php(918): App\Controllers\Komik->index()
#6 /home/n_hidayat/projek/ci/Pengelolaan-data-komik/vendor/codeigniter4/framework/system/CodeIgniter.php(404): CodeIgniter\CodeIgniter->runController()
#7 /home/n_hidayat/projek/ci/Pengelolaan-data-komik/vendor/codeigniter4/framework/system/CodeIgniter.php(312): CodeIgniter\CodeIgniter->handleRequest()
#8 /home/n_hidayat/projek/ci/Pengelolaan-data-komik/public/index.php(45): CodeIgniter\CodeIgniter->run()
#9 /home/n_hidayat/projek/ci/Pengelolaan-data-komik/vendor/codeigniter4/framework/system/Commands/Server/rewrite.php(34): require_once('/home/n_hidayat...')
#10 {main}
CRITICAL - 2020-10-10 08:10:27 --> Unable to connect to the database.
#0 /home/n_hidayat/projek/ci/Pengelolaan-data-komik/vendor/codeigniter4/framework/system/Database/BaseConnection.php(646): CodeIgniter\Database\BaseConnection->initialize()
#1 /home/n_hidayat/projek/ci/Pengelolaan-data-komik/vendor/codeigniter4/framework/system/Database/BaseBuilder.php(1860): CodeIgniter\Database\BaseConnection->query()
#2 /home/n_hidayat/projek/ci/Pengelolaan-data-komik/vendor/codeigniter4/framework/system/Model.php(462): CodeIgniter\Database\BaseBuilder->get()
#3 /home/n_hidayat/projek/ci/Pengelolaan-data-komik/app/Models/KomikModel.php(19): CodeIgniter\Model->findAll()
#4 /home/n_hidayat/projek/ci/Pengelolaan-data-komik/app/Controllers/Komik.php(25): App\Models\KomikModel->getKomik()
#5 /home/n_hidayat/projek/ci/Pengelolaan-data-komik/vendor/codeigniter4/framework/system/CodeIgniter.php(918): App\Controllers\Komik->index()
#6 /home/n_hidayat/projek/ci/Pengelolaan-data-komik/vendor/codeigniter4/framework/system/CodeIgniter.php(404): CodeIgniter\CodeIgniter->runController()
#7 /home/n_hidayat/projek/ci/Pengelolaan-data-komik/vendor/codeigniter4/framework/system/CodeIgniter.php(312): CodeIgniter\CodeIgniter->handleRequest()
#8 /home/n_hidayat/projek/ci/Pengelolaan-data-komik/public/index.php(45): CodeIgniter\CodeIgniter->run()
#9 /home/n_hidayat/projek/ci/Pengelolaan-data-komik/vendor/codeigniter4/framework/system/Commands/Server/rewrite.php(34): require_once('/home/n_hidayat...')
#10 {main}
CRITICAL - 2020-10-10 08:10:27 --> Unable to connect to the database.
#0 /home/n_hidayat/projek/ci/Pengelolaan-data-komik/vendor/codeigniter4/framework/system/Database/BaseConnection.php(646): CodeIgniter\Database\BaseConnection->initialize()
#1 /home/n_hidayat/projek/ci/Pengelolaan-data-komik/vendor/codeigniter4/framework/system/Database/BaseBuilder.php(1860): CodeIgniter\Database\BaseConnection->query()
#2 /home/n_hidayat/projek/ci/Pengelolaan-data-komik/vendor/codeigniter4/framework/system/Model.php(462): CodeIgniter\Database\BaseBuilder->get()
#3 /home/n_hidayat/projek/ci/Pengelolaan-data-komik/app/Models/KomikModel.php(19): CodeIgniter\Model->findAll()
#4 /home/n_hidayat/projek/ci/Pengelolaan-data-komik/app/Controllers/Komik.php(25): App\Models\KomikModel->getKomik()
#5 /home/n_hidayat/projek/ci/Pengelolaan-data-komik/vendor/codeigniter4/framework/system/CodeIgniter.php(918): App\Controllers\Komik->index()
#6 /home/n_hidayat/projek/ci/Pengelolaan-data-komik/vendor/codeigniter4/framework/system/CodeIgniter.php(404): CodeIgniter\CodeIgniter->runController()
#7 /home/n_hidayat/projek/ci/Pengelolaan-data-komik/vendor/codeigniter4/framework/system/CodeIgniter.php(312): CodeIgniter\CodeIgniter->handleRequest()
#8 /home/n_hidayat/projek/ci/Pengelolaan-data-komik/public/index.php(45): CodeIgniter\CodeIgniter->run()
#9 /home/n_hidayat/projek/ci/Pengelolaan-data-komik/vendor/codeigniter4/framework/system/Commands/Server/rewrite.php(34): require_once('/home/n_hidayat...')
#10 {main}
CRITICAL - 2020-10-10 08:10:27 --> Unable to connect to the database.
#0 /home/n_hidayat/projek/ci/Pengelolaan-data-komik/vendor/codeigniter4/framework/system/Database/BaseConnection.php(646): CodeIgniter\Database\BaseConnection->initialize()
#1 /home/n_hidayat/projek/ci/Pengelolaan-data-komik/vendor/codeigniter4/framework/system/Database/BaseBuilder.php(1860): CodeIgniter\Database\BaseConnection->query()
#2 /home/n_hidayat/projek/ci/Pengelolaan-data-komik/vendor/codeigniter4/framework/system/Model.php(462): CodeIgniter\Database\BaseBuilder->get()
#3 /home/n_hidayat/projek/ci/Pengelolaan-data-komik/app/Models/KomikModel.php(19): CodeIgniter\Model->findAll()
#4 /home/n_hidayat/projek/ci/Pengelolaan-data-komik/app/Controllers/Komik.php(25): App\Models\KomikModel->getKomik()
#5 /home/n_hidayat/projek/ci/Pengelolaan-data-komik/vendor/codeigniter4/framework/system/CodeIgniter.php(918): App\Controllers\Komik->index()
#6 /home/n_hidayat/projek/ci/Pengelolaan-data-komik/vendor/codeigniter4/framework/system/CodeIgniter.php(404): CodeIgniter\CodeIgniter->runController()
#7 /home/n_hidayat/projek/ci/Pengelolaan-data-komik/vendor/codeigniter4/framework/system/CodeIgniter.php(312): CodeIgniter\CodeIgniter->handleRequest()
#8 /home/n_hidayat/projek/ci/Pengelolaan-data-komik/public/index.php(45): CodeIgniter\CodeIgniter->run()
#9 /home/n_hidayat/projek/ci/Pengelolaan-data-komik/vendor/codeigniter4/framework/system/Commands/Server/rewrite.php(34): require_once('/home/n_hidayat...')
#10 {main}
CRITICAL - 2020-10-10 08:10:55 --> Unable to connect to the database.
#0 /home/n_hidayat/projek/ci/Pengelolaan-data-komik/vendor/codeigniter4/framework/system/Database/BaseConnection.php(646): CodeIgniter\Database\BaseConnection->initialize()
#1 /home/n_hidayat/projek/ci/Pengelolaan-data-komik/vendor/codeigniter4/framework/system/Database/BaseBuilder.php(1860): CodeIgniter\Database\BaseConnection->query()
#2 /home/n_hidayat/projek/ci/Pengelolaan-data-komik/vendor/codeigniter4/framework/system/Model.php(462): CodeIgniter\Database\BaseBuilder->get()
#3 /home/n_hidayat/projek/ci/Pengelolaan-data-komik/app/Models/KomikModel.php(19): CodeIgniter\Model->findAll()
#4 /home/n_hidayat/projek/ci/Pengelolaan-data-komik/app/Controllers/Komik.php(25): App\Models\KomikModel->getKomik()
#5 /home/n_hidayat/projek/ci/Pengelolaan-data-komik/vendor/codeigniter4/framework/system/CodeIgniter.php(918): App\Controllers\Komik->index()
#6 /home/n_hidayat/projek/ci/Pengelolaan-data-komik/vendor/codeigniter4/framework/system/CodeIgniter.php(404): CodeIgniter\CodeIgniter->runController()
#7 /home/n_hidayat/projek/ci/Pengelolaan-data-komik/vendor/codeigniter4/framework/system/CodeIgniter.php(312): CodeIgniter\CodeIgniter->handleRequest()
#8 /home/n_hidayat/projek/ci/Pengelolaan-data-komik/public/index.php(45): CodeIgniter\CodeIgniter->run()
#9 /home/n_hidayat/projek/ci/Pengelolaan-data-komik/vendor/codeigniter4/framework/system/Commands/Server/rewrite.php(34): require_once('/home/n_hidayat...')
#10 {main}
