CRITICAL - 2020-10-08 02:52:08 --> Undefined variable: data
#0 /home/n_hidayat/projek/ci/ci4APP/app/Views/layout/header.php(12): CodeIgniter\Debug\Exceptions->errorHandler()
#1 /home/n_hidayat/projek/ci/ci4APP/vendor/codeigniter4/framework/system/View/View.php(246): include('/home/n_hidayat...')
#2 /home/n_hidayat/projek/ci/ci4APP/vendor/codeigniter4/framework/system/Common.php(1119): CodeIgniter\View\View->render()
#3 /home/n_hidayat/projek/ci/ci4APP/app/Controllers/Pages.php(23): view()
#4 /home/n_hidayat/projek/ci/ci4APP/vendor/codeigniter4/framework/system/CodeIgniter.php(918): App\Controllers\Pages->about()
#5 /home/n_hidayat/projek/ci/ci4APP/vendor/codeigniter4/framework/system/CodeIgniter.php(404): CodeIgniter\CodeIgniter->runController()
#6 /home/n_hidayat/projek/ci/ci4APP/vendor/codeigniter4/framework/system/CodeIgniter.php(312): CodeIgniter\CodeIgniter->handleRequest()
#7 /home/n_hidayat/projek/ci/ci4APP/public/index.php(45): CodeIgniter\CodeIgniter->run()
#8 /home/n_hidayat/projek/ci/ci4APP/vendor/codeigniter4/framework/system/Commands/Server/rewrite.php(34): require_once('/home/n_hidayat...')
#9 {main}
CRITICAL - 2020-10-08 02:52:41 --> Undefined variable: data
#0 /home/n_hidayat/projek/ci/ci4APP/app/Views/layout/header.php(12): CodeIgniter\Debug\Exceptions->errorHandler()
#1 /home/n_hidayat/projek/ci/ci4APP/vendor/codeigniter4/framework/system/View/View.php(246): include('/home/n_hidayat...')
#2 /home/n_hidayat/projek/ci/ci4APP/vendor/codeigniter4/framework/system/Common.php(1119): CodeIgniter\View\View->render()
#3 /home/n_hidayat/projek/ci/ci4APP/app/Controllers/Pages.php(23): view()
#4 /home/n_hidayat/projek/ci/ci4APP/vendor/codeigniter4/framework/system/CodeIgniter.php(918): App\Controllers\Pages->about()
#5 /home/n_hidayat/projek/ci/ci4APP/vendor/codeigniter4/framework/system/CodeIgniter.php(404): CodeIgniter\CodeIgniter->runController()
#6 /home/n_hidayat/projek/ci/ci4APP/vendor/codeigniter4/framework/system/CodeIgniter.php(312): CodeIgniter\CodeIgniter->handleRequest()
#7 /home/n_hidayat/projek/ci/ci4APP/public/index.php(45): CodeIgniter\CodeIgniter->run()
#8 /home/n_hidayat/projek/ci/ci4APP/vendor/codeigniter4/framework/system/Commands/Server/rewrite.php(34): require_once('/home/n_hidayat...')
#9 {main}
CRITICAL - 2020-10-08 02:53:01 --> Undefined variable: title
#0 /home/n_hidayat/projek/ci/ci4APP/app/Views/layout/header.php(12): CodeIgniter\Debug\Exceptions->errorHandler()
#1 /home/n_hidayat/projek/ci/ci4APP/vendor/codeigniter4/framework/system/View/View.php(246): include('/home/n_hidayat...')
#2 /home/n_hidayat/projek/ci/ci4APP/vendor/codeigniter4/framework/system/Common.php(1119): CodeIgniter\View\View->render()
#3 /home/n_hidayat/projek/ci/ci4APP/app/Controllers/Pages.php(23): view()
#4 /home/n_hidayat/projek/ci/ci4APP/vendor/codeigniter4/framework/system/CodeIgniter.php(918): App\Controllers\Pages->about()
#5 /home/n_hidayat/projek/ci/ci4APP/vendor/codeigniter4/framework/system/CodeIgniter.php(404): CodeIgniter\CodeIgniter->runController()
#6 /home/n_hidayat/projek/ci/ci4APP/vendor/codeigniter4/framework/system/CodeIgniter.php(312): CodeIgniter\CodeIgniter->handleRequest()
#7 /home/n_hidayat/projek/ci/ci4APP/public/index.php(45): CodeIgniter\CodeIgniter->run()
#8 /home/n_hidayat/projek/ci/ci4APP/vendor/codeigniter4/framework/system/Commands/Server/rewrite.php(34): require_once('/home/n_hidayat...')
#9 {main}
CRITICAL - 2020-10-08 04:31:35 --> Invalid file: layout/tempate.php
#0 /home/n_hidayat/projek/ci/ci4APP/vendor/codeigniter4/framework/system/View/View.php(228): CodeIgniter\Exceptions\FrameworkException::forInvalidFile()
#1 /home/n_hidayat/projek/ci/ci4APP/vendor/codeigniter4/framework/system/View/View.php(257): CodeIgniter\View\View->render()
#2 /home/n_hidayat/projek/ci/ci4APP/vendor/codeigniter4/framework/system/Common.php(1119): CodeIgniter\View\View->render()
#3 /home/n_hidayat/projek/ci/ci4APP/app/Controllers/Pages.php(24): view()
#4 /home/n_hidayat/projek/ci/ci4APP/vendor/codeigniter4/framework/system/CodeIgniter.php(918): App\Controllers\Pages->about()
#5 /home/n_hidayat/projek/ci/ci4APP/vendor/codeigniter4/framework/system/CodeIgniter.php(404): CodeIgniter\CodeIgniter->runController()
#6 /home/n_hidayat/projek/ci/ci4APP/vendor/codeigniter4/framework/system/CodeIgniter.php(312): CodeIgniter\CodeIgniter->handleRequest()
#7 /home/n_hidayat/projek/ci/ci4APP/public/index.php(45): CodeIgniter\CodeIgniter->run()
#8 /home/n_hidayat/projek/ci/ci4APP/vendor/codeigniter4/framework/system/Commands/Server/rewrite.php(34): require_once('/home/n_hidayat...')
#9 {main}
CRITICAL - 2020-10-08 04:35:03 --> Invalid file: layout/tempate.php
#0 /home/n_hidayat/projek/ci/ci4APP/vendor/codeigniter4/framework/system/View/View.php(228): CodeIgniter\Exceptions\FrameworkException::forInvalidFile()
#1 /home/n_hidayat/projek/ci/ci4APP/vendor/codeigniter4/framework/system/View/View.php(257): CodeIgniter\View\View->render()
#2 /home/n_hidayat/projek/ci/ci4APP/vendor/codeigniter4/framework/system/Common.php(1119): CodeIgniter\View\View->render()
#3 /home/n_hidayat/projek/ci/ci4APP/app/Controllers/Pages.php(22): view()
#4 /home/n_hidayat/projek/ci/ci4APP/vendor/codeigniter4/framework/system/CodeIgniter.php(918): App\Controllers\Pages->about()
#5 /home/n_hidayat/projek/ci/ci4APP/vendor/codeigniter4/framework/system/CodeIgniter.php(404): CodeIgniter\CodeIgniter->runController()
#6 /home/n_hidayat/projek/ci/ci4APP/vendor/codeigniter4/framework/system/CodeIgniter.php(312): CodeIgniter\CodeIgniter->handleRequest()
#7 /home/n_hidayat/projek/ci/ci4APP/public/index.php(45): CodeIgniter\CodeIgniter->run()
#8 /home/n_hidayat/projek/ci/ci4APP/vendor/codeigniter4/framework/system/Commands/Server/rewrite.php(34): require_once('/home/n_hidayat...')
#9 {main}
CRITICAL - 2020-10-08 04:36:09 --> Invalid file: layout/tempate.php
#0 /home/n_hidayat/projek/ci/ci4APP/vendor/codeigniter4/framework/system/View/View.php(228): CodeIgniter\Exceptions\FrameworkException::forInvalidFile()
#1 /home/n_hidayat/projek/ci/ci4APP/vendor/codeigniter4/framework/system/View/View.php(257): CodeIgniter\View\View->render()
#2 /home/n_hidayat/projek/ci/ci4APP/vendor/codeigniter4/framework/system/Common.php(1119): CodeIgniter\View\View->render()
#3 /home/n_hidayat/projek/ci/ci4APP/app/Controllers/Pages.php(22): view()
#4 /home/n_hidayat/projek/ci/ci4APP/vendor/codeigniter4/framework/system/CodeIgniter.php(918): App\Controllers\Pages->about()
#5 /home/n_hidayat/projek/ci/ci4APP/vendor/codeigniter4/framework/system/CodeIgniter.php(404): CodeIgniter\CodeIgniter->runController()
#6 /home/n_hidayat/projek/ci/ci4APP/vendor/codeigniter4/framework/system/CodeIgniter.php(312): CodeIgniter\CodeIgniter->handleRequest()
#7 /home/n_hidayat/projek/ci/ci4APP/public/index.php(45): CodeIgniter\CodeIgniter->run()
#8 /home/n_hidayat/projek/ci/ci4APP/vendor/codeigniter4/framework/system/Commands/Server/rewrite.php(34): require_once('/home/n_hidayat...')
#9 {main}
CRITICAL - 2020-10-08 04:38:16 --> Invalid file: layout/tempate.php
#0 /home/n_hidayat/projek/ci/ci4APP/vendor/codeigniter4/framework/system/View/View.php(228): CodeIgniter\Exceptions\FrameworkException::forInvalidFile()
#1 /home/n_hidayat/projek/ci/ci4APP/vendor/codeigniter4/framework/system/View/View.php(257): CodeIgniter\View\View->render()
#2 /home/n_hidayat/projek/ci/ci4APP/vendor/codeigniter4/framework/system/Common.php(1119): CodeIgniter\View\View->render()
#3 /home/n_hidayat/projek/ci/ci4APP/app/Controllers/Pages.php(22): view()
#4 /home/n_hidayat/projek/ci/ci4APP/vendor/codeigniter4/framework/system/CodeIgniter.php(918): App\Controllers\Pages->about()
#5 /home/n_hidayat/projek/ci/ci4APP/vendor/codeigniter4/framework/system/CodeIgniter.php(404): CodeIgniter\CodeIgniter->runController()
#6 /home/n_hidayat/projek/ci/ci4APP/vendor/codeigniter4/framework/system/CodeIgniter.php(312): CodeIgniter\CodeIgniter->handleRequest()
#7 /home/n_hidayat/projek/ci/ci4APP/public/index.php(45): CodeIgniter\CodeIgniter->run()
#8 /home/n_hidayat/projek/ci/ci4APP/vendor/codeigniter4/framework/system/Commands/Server/rewrite.php(34): require_once('/home/n_hidayat...')
#9 {main}
CRITICAL - 2020-10-08 04:39:39 --> Invalid file: layout/tempate.php
#0 /home/n_hidayat/projek/ci/ci4APP/vendor/codeigniter4/framework/system/View/View.php(228): CodeIgniter\Exceptions\FrameworkException::forInvalidFile()
#1 /home/n_hidayat/projek/ci/ci4APP/vendor/codeigniter4/framework/system/View/View.php(257): CodeIgniter\View\View->render()
#2 /home/n_hidayat/projek/ci/ci4APP/vendor/codeigniter4/framework/system/Common.php(1119): CodeIgniter\View\View->render()
#3 /home/n_hidayat/projek/ci/ci4APP/app/Controllers/Pages.php(22): view()
#4 /home/n_hidayat/projek/ci/ci4APP/vendor/codeigniter4/framework/system/CodeIgniter.php(918): App\Controllers\Pages->about()
#5 /home/n_hidayat/projek/ci/ci4APP/vendor/codeigniter4/framework/system/CodeIgniter.php(404): CodeIgniter\CodeIgniter->runController()
#6 /home/n_hidayat/projek/ci/ci4APP/vendor/codeigniter4/framework/system/CodeIgniter.php(312): CodeIgniter\CodeIgniter->handleRequest()
#7 /home/n_hidayat/projek/ci/ci4APP/public/index.php(45): CodeIgniter\CodeIgniter->run()
#8 /home/n_hidayat/projek/ci/ci4APP/vendor/codeigniter4/framework/system/Commands/Server/rewrite.php(34): require_once('/home/n_hidayat...')
#9 {main}
CRITICAL - 2020-10-08 04:40:42 --> Invalid file: layout/tempate.php
#0 /home/n_hidayat/projek/ci/ci4APP/vendor/codeigniter4/framework/system/View/View.php(228): CodeIgniter\Exceptions\FrameworkException::forInvalidFile()
#1 /home/n_hidayat/projek/ci/ci4APP/vendor/codeigniter4/framework/system/View/View.php(257): CodeIgniter\View\View->render()
#2 /home/n_hidayat/projek/ci/ci4APP/vendor/codeigniter4/framework/system/Common.php(1119): CodeIgniter\View\View->render()
#3 /home/n_hidayat/projek/ci/ci4APP/app/Controllers/Pages.php(22): view()
#4 /home/n_hidayat/projek/ci/ci4APP/vendor/codeigniter4/framework/system/CodeIgniter.php(918): App\Controllers\Pages->about()
#5 /home/n_hidayat/projek/ci/ci4APP/vendor/codeigniter4/framework/system/CodeIgniter.php(404): CodeIgniter\CodeIgniter->runController()
#6 /home/n_hidayat/projek/ci/ci4APP/vendor/codeigniter4/framework/system/CodeIgniter.php(312): CodeIgniter\CodeIgniter->handleRequest()
#7 /home/n_hidayat/projek/ci/ci4APP/public/index.php(45): CodeIgniter\CodeIgniter->run()
#8 /home/n_hidayat/projek/ci/ci4APP/vendor/codeigniter4/framework/system/Commands/Server/rewrite.php(34): require_once('/home/n_hidayat...')
#9 {main}
CRITICAL - 2020-10-08 20:16:09 --> Undefined variable: variable
#0 /home/n_hidayat/projek/ci/ci4APP/app/Views/pages/contact.php(9): CodeIgniter\Debug\Exceptions->errorHandler()
#1 /home/n_hidayat/projek/ci/ci4APP/vendor/codeigniter4/framework/system/View/View.php(246): include('/home/n_hidayat...')
#2 /home/n_hidayat/projek/ci/ci4APP/vendor/codeigniter4/framework/system/Common.php(1119): CodeIgniter\View\View->render()
#3 /home/n_hidayat/projek/ci/ci4APP/app/Controllers/Pages.php(42): view()
#4 /home/n_hidayat/projek/ci/ci4APP/vendor/codeigniter4/framework/system/CodeIgniter.php(918): App\Controllers\Pages->contact()
#5 /home/n_hidayat/projek/ci/ci4APP/vendor/codeigniter4/framework/system/CodeIgniter.php(404): CodeIgniter\CodeIgniter->runController()
#6 /home/n_hidayat/projek/ci/ci4APP/vendor/codeigniter4/framework/system/CodeIgniter.php(312): CodeIgniter\CodeIgniter->handleRequest()
#7 /home/n_hidayat/projek/ci/ci4APP/public/index.php(45): CodeIgniter\CodeIgniter->run()
#8 /home/n_hidayat/projek/ci/ci4APP/vendor/codeigniter4/framework/system/Commands/Server/rewrite.php(34): require_once('/home/n_hidayat...')
#9 {main}
CRITICAL - 2020-10-08 20:16:43 --> Array to string conversion
#0 /home/n_hidayat/projek/ci/ci4APP/app/Views/pages/contact.php(10): CodeIgniter\Debug\Exceptions->errorHandler()
#1 /home/n_hidayat/projek/ci/ci4APP/vendor/codeigniter4/framework/system/View/View.php(246): include('/home/n_hidayat...')
#2 /home/n_hidayat/projek/ci/ci4APP/vendor/codeigniter4/framework/system/Common.php(1119): CodeIgniter\View\View->render()
#3 /home/n_hidayat/projek/ci/ci4APP/app/Controllers/Pages.php(42): view()
#4 /home/n_hidayat/projek/ci/ci4APP/vendor/codeigniter4/framework/system/CodeIgniter.php(918): App\Controllers\Pages->contact()
#5 /home/n_hidayat/projek/ci/ci4APP/vendor/codeigniter4/framework/system/CodeIgniter.php(404): CodeIgniter\CodeIgniter->runController()
#6 /home/n_hidayat/projek/ci/ci4APP/vendor/codeigniter4/framework/system/CodeIgniter.php(312): CodeIgniter\CodeIgniter->handleRequest()
#7 /home/n_hidayat/projek/ci/ci4APP/public/index.php(45): CodeIgniter\CodeIgniter->run()
#8 /home/n_hidayat/projek/ci/ci4APP/vendor/codeigniter4/framework/system/Commands/Server/rewrite.php(34): require_once('/home/n_hidayat...')
#9 {main}
CRITICAL - 2020-10-08 20:18:27 --> Array to string conversion
#0 /home/n_hidayat/projek/ci/ci4APP/app/Views/pages/contact.php(11): CodeIgniter\Debug\Exceptions->errorHandler()
#1 /home/n_hidayat/projek/ci/ci4APP/vendor/codeigniter4/framework/system/View/View.php(246): include('/home/n_hidayat...')
#2 /home/n_hidayat/projek/ci/ci4APP/vendor/codeigniter4/framework/system/Common.php(1119): CodeIgniter\View\View->render()
#3 /home/n_hidayat/projek/ci/ci4APP/app/Controllers/Pages.php(42): view()
#4 /home/n_hidayat/projek/ci/ci4APP/vendor/codeigniter4/framework/system/CodeIgniter.php(918): App\Controllers\Pages->contact()
#5 /home/n_hidayat/projek/ci/ci4APP/vendor/codeigniter4/framework/system/CodeIgniter.php(404): CodeIgniter\CodeIgniter->runController()
#6 /home/n_hidayat/projek/ci/ci4APP/vendor/codeigniter4/framework/system/CodeIgniter.php(312): CodeIgniter\CodeIgniter->handleRequest()
#7 /home/n_hidayat/projek/ci/ci4APP/public/index.php(45): CodeIgniter\CodeIgniter->run()
#8 /home/n_hidayat/projek/ci/ci4APP/vendor/codeigniter4/framework/system/Commands/Server/rewrite.php(34): require_once('/home/n_hidayat...')
#9 {main}
CRITICAL - 2020-10-08 20:18:42 --> Array to string conversion
#0 /home/n_hidayat/projek/ci/ci4APP/app/Views/pages/contact.php(11): CodeIgniter\Debug\Exceptions->errorHandler()
#1 /home/n_hidayat/projek/ci/ci4APP/vendor/codeigniter4/framework/system/View/View.php(246): include('/home/n_hidayat...')
#2 /home/n_hidayat/projek/ci/ci4APP/vendor/codeigniter4/framework/system/Common.php(1119): CodeIgniter\View\View->render()
#3 /home/n_hidayat/projek/ci/ci4APP/app/Controllers/Pages.php(42): view()
#4 /home/n_hidayat/projek/ci/ci4APP/vendor/codeigniter4/framework/system/CodeIgniter.php(918): App\Controllers\Pages->contact()
#5 /home/n_hidayat/projek/ci/ci4APP/vendor/codeigniter4/framework/system/CodeIgniter.php(404): CodeIgniter\CodeIgniter->runController()
#6 /home/n_hidayat/projek/ci/ci4APP/vendor/codeigniter4/framework/system/CodeIgniter.php(312): CodeIgniter\CodeIgniter->handleRequest()
#7 /home/n_hidayat/projek/ci/ci4APP/public/index.php(45): CodeIgniter\CodeIgniter->run()
#8 /home/n_hidayat/projek/ci/ci4APP/vendor/codeigniter4/framework/system/Commands/Server/rewrite.php(34): require_once('/home/n_hidayat...')
#9 {main}
